0 info it worked if it ends with ok
1 verbose cli [ '/usr/local/bin/node', '/usr/local/bin/npm', 'install' ]
2 info using npm@3.3.6
3 info using node@v5.0.0
4 silly loadCurrentTree Starting
5 silly install loadCurrentTree
6 silly install readLocalPackageData
7 silly install normalizeTree
8 verbose stack Error: Missing required argument #2
8 verbose stack     at exports.findRequirement (/usr/local/lib/node_modules/npm/lib/install/deps.js:475:3)
8 verbose stack     at /usr/local/lib/node_modules/npm/lib/install/deps.js:90:19
8 verbose stack     at zalgoSafe (/usr/local/lib/node_modules/npm/node_modules/dezalgo/dezalgo.js:20:10)
8 verbose stack     at finalize (/usr/local/lib/node_modules/npm/node_modules/realize-package-specifier/index.js:37:5)
8 verbose stack     at /usr/local/lib/node_modules/npm/node_modules/realize-package-specifier/index.js:22:20
8 verbose stack     at FSReqWrap.oncomplete (fs.js:82:15)
9 verbose cwd /Users/munveergill/mean-app/public
10 error Darwin 15.2.0
11 error argv "/usr/local/bin/node" "/usr/local/bin/npm" "install"
12 error node v5.0.0
13 error npm  v3.3.6
14 error code EMISSINGARG
15 error typeerror Error: Missing required argument #2
15 error typeerror     at exports.findRequirement (/usr/local/lib/node_modules/npm/lib/install/deps.js:475:3)
15 error typeerror     at /usr/local/lib/node_modules/npm/lib/install/deps.js:90:19
15 error typeerror     at zalgoSafe (/usr/local/lib/node_modules/npm/node_modules/dezalgo/dezalgo.js:20:10)
15 error typeerror     at finalize (/usr/local/lib/node_modules/npm/node_modules/realize-package-specifier/index.js:37:5)
15 error typeerror     at /usr/local/lib/node_modules/npm/node_modules/realize-package-specifier/index.js:22:20
15 error typeerror     at FSReqWrap.oncomplete (fs.js:82:15)
15 error typeerror This is an error with npm itself. Please report this error at:
15 error typeerror     <http://github.com/npm/npm/issues>
16 verbose exit [ 1, true ]
